<?xml version="1.0" encoding="UTF-8"?>
<testng-results skipped="0" failed="2" total="2" passed="0">
  <reporter-output>
  </reporter-output>
  <suite name="AutoTest" duration-ms="24748" started-at="2018-07-29T12:53:40Z" finished-at="2018-07-29T12:54:05Z">
    <groups>
    </groups>
    <test name="TestMX6" duration-ms="17755" started-at="2018-07-29T12:53:40Z" finished-at="2018-07-29T12:53:58Z">
      <class name="testcase.LoginTest">
        <test-method status="PASS" signature="beforeMethod()[pri:0, instance:testcase.LoginTest@3d24753a]" name="beforeMethod" is-config="true" duration-ms="3" started-at="2018-07-29T20:53:40Z" finished-at="2018-07-29T20:53:40Z">
          <reporter-output>
          </reporter-output>
        </test-method> <!-- beforeMethod -->
        <test-method status="FAIL" signature="f(java.lang.String)[pri:0, instance:testcase.LoginTest@3d24753a]" name="f" duration-ms="17723" started-at="2018-07-29T20:53:40Z" finished-at="2018-07-29T20:53:58Z">
          <params>
            <param index="0">
              <value>
                <![CDATA[MX6]]>
              </value>
            </param>
          </params>
          <exception class="org.openqa.selenium.NoSuchElementException">
            <message>
              <![CDATA[An element could not be located on the page using the given search parameters. (WARNING: The server did not provide any stacktrace information)
Command duration or timeout: 237 milliseconds
For documentation on this error, please visit: http://seleniumhq.org/exceptions/no_such_element.html
Build info: version: '2.43.1', revision: '5163bceef1bc36d43f3dc0b83c88998168a363a0', time: '2014-09-10 09:43:55'
System info: host: 'XY-PC', ip: '192.168.1.127', os.name: 'Windows 7', os.arch: 'amd64', os.version: '6.1', java.version: '1.8.0_131'
Driver info: io.appium.java_client.android.AndroidDriver
Capabilities [{appPackage=com.yoosee, deviceScreenSize=1080x1920, networkConnectionEnabled=true, noReset=true, warnings={}, databaseEnabled=false, deviceName=M95QCCP8G5EBW, platform=LINUX, deviceUDID=M95QCCP8G5EBW, appActivity=com.jwkj.activity.LogoActivity, desired={appPackage=com.yoosee, appActivity=com.jwkj.activity.LogoActivity, noReset=true, port=4725, platformVersion=6.0.1, host=127.0.0.1, unicodeKeyboard=true, platformName=Android, udid=M95QCCP8G5EBW, deviceName=MX6, resetKeyboard=true}, port=4725, platformVersion=6.0, webStorageEnabled=false, locationContextEnabled=false, host=127.0.0.1, takesScreenshot=true, javascriptEnabled=true, deviceModel=MX6, unicodeKeyboard=true, platformName=Android, udid=M95QCCP8G5EBW, deviceManufacturer=Meizu, resetKeyboard=true}]
Session ID: a2c1a0e4-e8c4-4600-ad97-4a6c43fe33a8]]>
            </message>
            <full-stacktrace>
              <![CDATA[org.openqa.selenium.NoSuchElementException: An element could not be located on the page using the given search parameters. (WARNING: The server did not provide any stacktrace information)
Command duration or timeout: 237 milliseconds
For documentation on this error, please visit: http://seleniumhq.org/exceptions/no_such_element.html
Build info: version: '2.43.1', revision: '5163bceef1bc36d43f3dc0b83c88998168a363a0', time: '2014-09-10 09:43:55'
System info: host: 'XY-PC', ip: '192.168.1.127', os.name: 'Windows 7', os.arch: 'amd64', os.version: '6.1', java.version: '1.8.0_131'
Driver info: io.appium.java_client.android.AndroidDriver
Capabilities [{appPackage=com.yoosee, deviceScreenSize=1080x1920, networkConnectionEnabled=true, noReset=true, warnings={}, databaseEnabled=false, deviceName=M95QCCP8G5EBW, platform=LINUX, deviceUDID=M95QCCP8G5EBW, appActivity=com.jwkj.activity.LogoActivity, desired={appPackage=com.yoosee, appActivity=com.jwkj.activity.LogoActivity, noReset=true, port=4725, platformVersion=6.0.1, host=127.0.0.1, unicodeKeyboard=true, platformName=Android, udid=M95QCCP8G5EBW, deviceName=MX6, resetKeyboard=true}, port=4725, platformVersion=6.0, webStorageEnabled=false, locationContextEnabled=false, host=127.0.0.1, takesScreenshot=true, javascriptEnabled=true, deviceModel=MX6, unicodeKeyboard=true, platformName=Android, udid=M95QCCP8G5EBW, deviceManufacturer=Meizu, resetKeyboard=true}]
Session ID: a2c1a0e4-e8c4-4600-ad97-4a6c43fe33a8
	at sun.reflect.NativeConstructorAccessorImpl.newInstance0(Native Method)
	at sun.reflect.NativeConstructorAccessorImpl.newInstance(Unknown Source)
	at sun.reflect.DelegatingConstructorAccessorImpl.newInstance(Unknown Source)
	at java.lang.reflect.Constructor.newInstance(Unknown Source)
	at org.openqa.selenium.remote.ErrorHandler.createThrowable(ErrorHandler.java:204)
	at org.openqa.selenium.remote.ErrorHandler.throwIfResponseFailed(ErrorHandler.java:156)
	at org.openqa.selenium.remote.RemoteWebDriver.execute(RemoteWebDriver.java:599)
	at io.appium.java_client.AppiumDriver.execute(AppiumDriver.java:180)
	at org.openqa.selenium.remote.RemoteWebDriver.findElement(RemoteWebDriver.java:352)
	at org.openqa.selenium.remote.RemoteWebDriver.findElementById(RemoteWebDriver.java:393)
	at org.openqa.selenium.By$ById.findElement(By.java:214)
	at org.openqa.selenium.remote.RemoteWebDriver.findElement(RemoteWebDriver.java:344)
	at org.openqa.selenium.support.pagefactory.DefaultElementLocator.findElement(DefaultElementLocator.java:59)
	at org.openqa.selenium.support.pagefactory.internal.LocatingElementHandler.invoke(LocatingElementHandler.java:37)
	at com.sun.proxy.$Proxy10.clear(Unknown Source)
	at pageAction.LoginPage.Login(LoginPage.java:21)
	at testcase.LoginTest.f(LoginTest.java:21)
	at sun.reflect.NativeMethodAccessorImpl.invoke0(Native Method)
	at sun.reflect.NativeMethodAccessorImpl.invoke(Unknown Source)
	at sun.reflect.DelegatingMethodAccessorImpl.invoke(Unknown Source)
	at java.lang.reflect.Method.invoke(Unknown Source)
	at org.testng.internal.MethodInvocationHelper.invokeMethod(MethodInvocationHelper.java:85)
	at org.testng.internal.Invoker.invokeMethod(Invoker.java:663)
	at org.testng.internal.Invoker.invokeTestMethod(Invoker.java:849)
	at org.testng.internal.Invoker.invokeTestMethods(Invoker.java:1157)
	at org.testng.internal.TestMethodWorker.invokeTestMethods(TestMethodWorker.java:124)
	at org.testng.internal.TestMethodWorker.run(TestMethodWorker.java:108)
	at org.testng.TestRunner.privateRun(TestRunner.java:771)
	at org.testng.TestRunner.run(TestRunner.java:621)
	at org.testng.SuiteRunner.runTest(SuiteRunner.java:357)
	at org.testng.SuiteRunner.access$000(SuiteRunner.java:38)
	at org.testng.SuiteRunner$SuiteWorker.run(SuiteRunner.java:391)
	at org.testng.internal.thread.ThreadUtil$2.call(ThreadUtil.java:64)
	at java.util.concurrent.FutureTask.run(Unknown Source)
	at java.util.concurrent.ThreadPoolExecutor.runWorker(Unknown Source)
	at java.util.concurrent.ThreadPoolExecutor$Worker.run(Unknown Source)
	at java.lang.Thread.run(Unknown Source)
]]>
            </full-stacktrace>
          </exception> <!-- org.openqa.selenium.NoSuchElementException -->
          <reporter-output>
          </reporter-output>
        </test-method> <!-- f -->
        <test-method status="PASS" signature="afterMethod()[pri:0, instance:testcase.LoginTest@3d24753a]" name="afterMethod" is-config="true" duration-ms="0" started-at="2018-07-29T20:53:58Z" finished-at="2018-07-29T20:53:58Z">
          <reporter-output>
          </reporter-output>
        </test-method> <!-- afterMethod -->
      </class> <!-- testcase.LoginTest -->
    </test> <!-- TestMX6 -->
    <test name="TestOppoR9" duration-ms="24748" started-at="2018-07-29T12:53:40Z" finished-at="2018-07-29T12:54:05Z">
      <class name="testcase.LoginTest">
        <test-method status="PASS" signature="beforeMethod()[pri:0, instance:testcase.LoginTest@1134affc]" name="beforeMethod" is-config="true" duration-ms="8" started-at="2018-07-29T20:53:40Z" finished-at="2018-07-29T20:53:40Z">
          <reporter-output>
          </reporter-output>
        </test-method> <!-- beforeMethod -->
        <test-method status="FAIL" signature="f(java.lang.String)[pri:0, instance:testcase.LoginTest@1134affc]" name="f" duration-ms="24723" started-at="2018-07-29T20:53:40Z" finished-at="2018-07-29T20:54:05Z">
          <params>
            <param index="0">
              <value>
                <![CDATA[OppoR9]]>
              </value>
            </param>
          </params>
          <exception class="org.openqa.selenium.NoSuchElementException">
            <message>
              <![CDATA[An element could not be located on the page using the given search parameters. (WARNING: The server did not provide any stacktrace information)
Command duration or timeout: 1.53 seconds
For documentation on this error, please visit: http://seleniumhq.org/exceptions/no_such_element.html
Build info: version: '2.43.1', revision: '5163bceef1bc36d43f3dc0b83c88998168a363a0', time: '2014-09-10 09:43:55'
System info: host: 'XY-PC', ip: '192.168.1.127', os.name: 'Windows 7', os.arch: 'amd64', os.version: '6.1', java.version: '1.8.0_131'
Driver info: io.appium.java_client.android.AndroidDriver
Capabilities [{appPackage=com.yoosee, deviceScreenSize=1080x1920, networkConnectionEnabled=true, noReset=true, warnings={}, databaseEnabled=false, deviceName=UWIFEYKR85OFY5AY, platform=LINUX, deviceUDID=UWIFEYKR85OFY5AY, appActivity=com.jwkj.activity.LogoActivity, desired={appPackage=com.yoosee, appActivity=com.jwkj.activity.LogoActivity, noReset=true, port=4723, platformVersion=5.0.1, host=127.0.0.1, unicodeKeyboard=true, platformName=Android, udid=UWIFEYKR85OFY5AY, deviceName=OppoR9, resetKeyboard=true}, port=4723, platformVersion=5.1, webStorageEnabled=false, locationContextEnabled=false, host=127.0.0.1, takesScreenshot=true, javascriptEnabled=true, deviceModel=OPPO R9tm, unicodeKeyboard=true, platformName=Android, udid=UWIFEYKR85OFY5AY, deviceManufacturer=OPPO, resetKeyboard=true}]
Session ID: 3c28b9cd-e6ca-4c16-b2cb-c499e92a5cb1]]>
            </message>
            <full-stacktrace>
              <![CDATA[org.openqa.selenium.NoSuchElementException: An element could not be located on the page using the given search parameters. (WARNING: The server did not provide any stacktrace information)
Command duration or timeout: 1.53 seconds
For documentation on this error, please visit: http://seleniumhq.org/exceptions/no_such_element.html
Build info: version: '2.43.1', revision: '5163bceef1bc36d43f3dc0b83c88998168a363a0', time: '2014-09-10 09:43:55'
System info: host: 'XY-PC', ip: '192.168.1.127', os.name: 'Windows 7', os.arch: 'amd64', os.version: '6.1', java.version: '1.8.0_131'
Driver info: io.appium.java_client.android.AndroidDriver
Capabilities [{appPackage=com.yoosee, deviceScreenSize=1080x1920, networkConnectionEnabled=true, noReset=true, warnings={}, databaseEnabled=false, deviceName=UWIFEYKR85OFY5AY, platform=LINUX, deviceUDID=UWIFEYKR85OFY5AY, appActivity=com.jwkj.activity.LogoActivity, desired={appPackage=com.yoosee, appActivity=com.jwkj.activity.LogoActivity, noReset=true, port=4723, platformVersion=5.0.1, host=127.0.0.1, unicodeKeyboard=true, platformName=Android, udid=UWIFEYKR85OFY5AY, deviceName=OppoR9, resetKeyboard=true}, port=4723, platformVersion=5.1, webStorageEnabled=false, locationContextEnabled=false, host=127.0.0.1, takesScreenshot=true, javascriptEnabled=true, deviceModel=OPPO R9tm, unicodeKeyboard=true, platformName=Android, udid=UWIFEYKR85OFY5AY, deviceManufacturer=OPPO, resetKeyboard=true}]
Session ID: 3c28b9cd-e6ca-4c16-b2cb-c499e92a5cb1
	at sun.reflect.NativeConstructorAccessorImpl.newInstance0(Native Method)
	at sun.reflect.NativeConstructorAccessorImpl.newInstance(Unknown Source)
	at sun.reflect.DelegatingConstructorAccessorImpl.newInstance(Unknown Source)
	at java.lang.reflect.Constructor.newInstance(Unknown Source)
	at org.openqa.selenium.remote.ErrorHandler.createThrowable(ErrorHandler.java:204)
	at org.openqa.selenium.remote.ErrorHandler.throwIfResponseFailed(ErrorHandler.java:156)
	at org.openqa.selenium.remote.RemoteWebDriver.execute(RemoteWebDriver.java:599)
	at io.appium.java_client.AppiumDriver.execute(AppiumDriver.java:180)
	at org.openqa.selenium.remote.RemoteWebDriver.findElement(RemoteWebDriver.java:352)
	at org.openqa.selenium.remote.RemoteWebDriver.findElementById(RemoteWebDriver.java:393)
	at org.openqa.selenium.By$ById.findElement(By.java:214)
	at org.openqa.selenium.remote.RemoteWebDriver.findElement(RemoteWebDriver.java:344)
	at org.openqa.selenium.support.pagefactory.DefaultElementLocator.findElement(DefaultElementLocator.java:59)
	at org.openqa.selenium.support.pagefactory.internal.LocatingElementHandler.invoke(LocatingElementHandler.java:37)
	at com.sun.proxy.$Proxy10.clear(Unknown Source)
	at pageAction.LoginPage.Login(LoginPage.java:21)
	at testcase.LoginTest.f(LoginTest.java:21)
	at sun.reflect.NativeMethodAccessorImpl.invoke0(Native Method)
	at sun.reflect.NativeMethodAccessorImpl.invoke(Unknown Source)
	at sun.reflect.DelegatingMethodAccessorImpl.invoke(Unknown Source)
	at java.lang.reflect.Method.invoke(Unknown Source)
	at org.testng.internal.MethodInvocationHelper.invokeMethod(MethodInvocationHelper.java:85)
	at org.testng.internal.Invoker.invokeMethod(Invoker.java:663)
	at org.testng.internal.Invoker.invokeTestMethod(Invoker.java:849)
	at org.testng.internal.Invoker.invokeTestMethods(Invoker.java:1157)
	at org.testng.internal.TestMethodWorker.invokeTestMethods(TestMethodWorker.java:124)
	at org.testng.internal.TestMethodWorker.run(TestMethodWorker.java:108)
	at org.testng.TestRunner.privateRun(TestRunner.java:771)
	at org.testng.TestRunner.run(TestRunner.java:621)
	at org.testng.SuiteRunner.runTest(SuiteRunner.java:357)
	at org.testng.SuiteRunner.access$000(SuiteRunner.java:38)
	at org.testng.SuiteRunner$SuiteWorker.run(SuiteRunner.java:391)
	at org.testng.internal.thread.ThreadUtil$2.call(ThreadUtil.java:64)
	at java.util.concurrent.FutureTask.run(Unknown Source)
	at java.util.concurrent.ThreadPoolExecutor.runWorker(Unknown Source)
	at java.util.concurrent.ThreadPoolExecutor$Worker.run(Unknown Source)
	at java.lang.Thread.run(Unknown Source)
]]>
            </full-stacktrace>
          </exception> <!-- org.openqa.selenium.NoSuchElementException -->
          <reporter-output>
          </reporter-output>
        </test-method> <!-- f -->
        <test-method status="PASS" signature="afterMethod()[pri:0, instance:testcase.LoginTest@1134affc]" name="afterMethod" is-config="true" duration-ms="0" started-at="2018-07-29T20:54:05Z" finished-at="2018-07-29T20:54:05Z">
          <reporter-output>
          </reporter-output>
        </test-method> <!-- afterMethod -->
      </class> <!-- testcase.LoginTest -->
    </test> <!-- TestOppoR9 -->
  </suite> <!-- AutoTest -->
</testng-results>
